{
  "stats": {
    "suites": 1,
    "tests": 5,
    "passes": 5,
    "pending": 0,
    "failures": 0,
    "start": "2022-06-24T17:07:57.627Z",
    "end": "2022-06-24T17:09:27.542Z",
    "duration": 89915,
    "testsRegistered": 5,
    "passPercent": 100,
    "pendingPercent": 0,
    "other": 0,
    "hasOther": false,
    "skipped": 0,
    "hasSkipped": false
  },
  "results": [
    {
      "uuid": "6f460732-e2b5-4d05-a876-7f6ca2ea92ce",
      "title": "",
      "fullFile": "cypress/integration/nebula/TC02_signIn.spec.js",
      "file": "cypress/integration/nebula/TC02_signIn.spec.js",
      "beforeHooks": [],
      "afterHooks": [],
      "tests": [],
      "suites": [
        {
          "uuid": "c82bec04-37da-4ba3-ada1-74a6953693b0",
          "title": "Sign In Page",
          "fullFile": "",
          "file": "",
          "beforeHooks": [],
          "afterHooks": [],
          "tests": [
            {
              "title": "Sign In page format",
              "fullTitle": "Sign In Page Sign In page format",
              "timedOut": null,
              "duration": 48105,
              "state": "passed",
              "speed": "slow",
              "pass": true,
              "fail": false,
              "pending": false,
              "context": null,
              "code": "var signInPage = new _signInElements_new.SignInPage();\n(0, _navigation.visit)('/signin');\nsignInPage.verifySignIn().verifyImage();\n(0, _title.verifyTitle)('Sign In'); //verifyRedirection()\n(0, _input.verifyInputLabels)(_input.signInLabels);\nsignInPage.verifyStyling('Email').verifyStyling('Password').verifyForgotPwdText().clickForgotPwd();\n(0, _navigation.verifyNavigation)('/forgot-password');\n(0, _title.verifyTitle)('Reset your password'); //Invalid email format\n(0, _input.clearInputValue)(_input.inputSelectors.email);\n(0, _input.fillInputWithValue)(_input.inputSelectors.email, 'techadmin' + (0, _common.randomChars)(3) + '@fundthrough');\n(0, _button.checkButtonIsDisabled)('Send Code');\n(0, _button.clickButtonByValue)('Send Code');\n(0, _messages.checkMessage)(_messages.messageSelectors.error, _messages.messageTexts.emailError); //Incorrect email\n(0, _input.clearInputValue)(_input.inputSelectors.email);\n(0, _input.fillInputWithValue)(_input.inputSelectors.email, 'techadmin' + (0, _common.randomChars)(4) + '@fundthrough.com');\n(0, _button.clickButtonByValue)('Send Code');\nsignInPage.resetEmailError(); //Send code to the correct email address\n(0, _input.clearInputValue)(_input.inputSelectors.email);\n(0, _input.fillInputWithValue)(_input.inputSelectors.email, this.user.username);\n(0, _button.checkButtonIsActive)('Send Code'); //clickButtonByValue(\"Send Code\");\n//To discuss and setup an email server to validate the email code\n(0, _navigation.clickBackArrow)('BACK');\n(0, _navigation.verifyNavigation)('/signin');\nsignInPage.verifySignIn().verifySignUpPage();",
              "err": {},
              "uuid": "b9e34d84-3232-4127-a9a7-e26704d1ed14",
              "parentUUID": "c82bec04-37da-4ba3-ada1-74a6953693b0",
              "isHook": false,
              "skipped": false
            },
            {
              "title": "Sign In with incorrect emails",
              "fullTitle": "Sign In Page Sign In with incorrect emails",
              "timedOut": null,
              "duration": 7780,
              "state": "passed",
              "speed": "slow",
              "pass": true,
              "fail": false,
              "pending": false,
              "context": null,
              "code": "(0, _navigation.visit)('/signin'); //attempt one\n(0, _input.fillInputWithValue)(_input.inputSelectors.email, 'techadmin' + (0, _common.randomChars)(5) + 'fundthrough');\n(0, _button.clickButtonByValue)('Sign In');\n(0, _messages.checkMessage)(_messages.messageSelectors.error, _messages.messageTexts.emailError);\n(0, _input.clearInputValue)(_input.inputSelectors.email); //attempt two\n(0, _input.fillInputWithValue)(_input.inputSelectors.email, 'techadmin' + (0, _common.randomChars)(3) + '@com');\n(0, _button.clickButtonByValue)('Sign In');\n(0, _messages.checkMessage)(_messages.messageSelectors.error, _messages.messageTexts.emailError);\n(0, _input.clearInputValue)(_input.inputSelectors.email); //attempt three\n(0, _input.fillInputWithValue)(_input.inputSelectors.email, 'techadmin' + (0, _common.randomChars)(2) + '@fundthrough');\n(0, _button.clickButtonByValue)('Sign In');\n(0, _messages.checkMessage)(_messages.messageSelectors.error, _messages.messageTexts.emailError);\n(0, _input.clearInputValue)(_input.inputSelectors.email); //empty input\n(0, _button.clickButtonByValue)('Sign In');\n(0, _messages.checkMessage)(_messages.messageSelectors.error, _messages.messageTexts.emailError);",
              "err": {},
              "uuid": "9204683a-51d4-49fe-a155-69b31bda7b14",
              "parentUUID": "c82bec04-37da-4ba3-ada1-74a6953693b0",
              "isHook": false,
              "skipped": false
            },
            {
              "title": "Sign In with incorrect passwords",
              "fullTitle": "Sign In Page Sign In with incorrect passwords",
              "timedOut": null,
              "duration": 4100,
              "state": "passed",
              "speed": "slow",
              "pass": true,
              "fail": false,
              "pending": false,
              "context": null,
              "code": "(0, _navigation.visit)('/signin'); //attempt one\n(0, _input.fillInputWithValue)(_input.inputSelectors.password, (0, _common.randomChars)(4));\n(0, _button.clickButtonByValue)('Sign In');\n(0, _messages.checkMessage)(_messages.messageSelectors.error, _messages.messageTexts.passwordError);\n(0, _input.clearInputValue)(_input.inputSelectors.password); //attempt two\n(0, _input.fillInputWithValue)(_input.inputSelectors.password, (0, _common.randomChars)(7));\n(0, _button.clickButtonByValue)('Sign In');\n(0, _messages.checkMessage)(_messages.messageSelectors.error, _messages.messageTexts.passwordError);\n(0, _input.clearInputValue)(_input.inputSelectors.password); //attempt three\n(0, _input.fillInputWithValue)(_input.inputSelectors.password, '1');\n(0, _button.clickButtonByValue)('Sign In');\n(0, _messages.checkMessage)(_messages.messageSelectors.error, _messages.messageTexts.passwordError);",
              "err": {},
              "uuid": "c939712f-112a-4352-b25a-e2c3d877a843",
              "parentUUID": "c82bec04-37da-4ba3-ada1-74a6953693b0",
              "isHook": false,
              "skipped": false
            },
            {
              "title": "Sign In with incorrect credentials",
              "fullTitle": "Sign In Page Sign In with incorrect credentials",
              "timedOut": null,
              "duration": 18945,
              "state": "passed",
              "speed": "slow",
              "pass": true,
              "fail": false,
              "pending": false,
              "context": null,
              "code": "var _this = this;\nvar signInPage = new _signInElements_new.SignInPage(); //incorrect username\n(0, _navigation.visit)('/signin');\n(0, _input.fillInputWithValue)(_input.inputSelectors.email, 'techadmin' + (0, _common.randomChars)(4) + '@fundthrough.com');\n(0, _input.fillInputWithValue)(_input.inputSelectors.password, this.user.password);\n(0, _button.clickButtonByValue)('Sign In');\nsignInPage.authenticationError(); //incorrect password\nCypress._.times(5, function () {\n  (0, _input.clearInputValue)(_input.inputSelectors.email);\n  (0, _input.clearInputValue)(_input.inputSelectors.password);\n  (0, _input.fillInputWithValue)(_input.inputSelectors.email, _this.user.username);\n  (0, _input.fillInputWithValue)(_input.inputSelectors.password, (0, _common.randomChars)(10));\n  (0, _button.clickButtonByValue)('Sign In');\n});",
              "err": {},
              "uuid": "01c3d97b-7948-4fb9-a284-29df6b32fc2d",
              "parentUUID": "c82bec04-37da-4ba3-ada1-74a6953693b0",
              "isHook": false,
              "skipped": false
            },
            {
              "title": "Sign In with valid credentials",
              "fullTitle": "Sign In Page Sign In with valid credentials",
              "timedOut": null,
              "duration": 9297,
              "state": "passed",
              "speed": "slow",
              "pass": true,
              "fail": false,
              "pending": false,
              "context": null,
              "code": "(0, _navigation.reload)();\ncy.login(this.user.username, this.user.password);\n(0, _navigation.verifyNavigation)('/invoices');",
              "err": {},
              "uuid": "7a3d6984-acd4-4049-b3ed-416ccfa1e638",
              "parentUUID": "c82bec04-37da-4ba3-ada1-74a6953693b0",
              "isHook": false,
              "skipped": false
            }
          ],
          "suites": [],
          "passes": [
            "b9e34d84-3232-4127-a9a7-e26704d1ed14",
            "9204683a-51d4-49fe-a155-69b31bda7b14",
            "c939712f-112a-4352-b25a-e2c3d877a843",
            "01c3d97b-7948-4fb9-a284-29df6b32fc2d",
            "7a3d6984-acd4-4049-b3ed-416ccfa1e638"
          ],
          "failures": [],
          "pending": [],
          "skipped": [],
          "duration": 88227,
          "root": false,
          "rootEmpty": false,
          "_timeout": 2000
        }
      ],
      "passes": [],
      "failures": [],
      "pending": [],
      "skipped": [],
      "duration": 0,
      "root": true,
      "rootEmpty": true,
      "_timeout": 2000
    }
  ],
  "meta": {
    "mocha": {
      "version": "7.0.1"
    },
    "mochawesome": {
      "options": {
        "quiet": false,
        "reportFilename": "mochawesome",
        "saveHtml": true,
        "saveJson": true,
        "consoleReporter": "spec",
        "useInlineDiffs": false,
        "code": true
      },
      "version": "7.1.3"
    },
    "marge": {
      "options": {
        "id": "default",
        "reportDir": "cypress/reports/mocha",
        "quite": true,
        "overwrite": false,
        "html": true,
        "json": true
      },
      "version": "6.2.0"
    }
  }
}