{
  "stats": {
    "suites": 1,
    "tests": 1,
    "passes": 0,
    "pending": 0,
    "failures": 1,
    "start": "2022-04-04T18:23:18.051Z",
    "end": "2022-04-04T18:23:42.212Z",
    "duration": 24161,
    "testsRegistered": 1,
    "passPercent": 0,
    "pendingPercent": 0,
    "other": 0,
    "hasOther": false,
    "skipped": 0,
    "hasSkipped": false
  },
  "results": [
    {
      "uuid": "2c6b731e-6179-4d7d-a41d-73c66062cd34",
      "title": "",
      "fullFile": "cypress/integration/nebula/TC03_Upload.invoice.js",
      "file": "cypress/integration/nebula/TC03_Upload.invoice.js",
      "beforeHooks": [],
      "afterHooks": [],
      "tests": [],
      "suites": [
        {
          "uuid": "29a1decf-ef52-487b-b041-f485f9342fa6",
          "title": "upload invoice from dashboard",
          "fullFile": "",
          "file": "",
          "beforeHooks": [],
          "afterHooks": [],
          "tests": [
            {
              "title": "SignIn with Valid Credential",
              "fullTitle": "upload invoice from dashboard SignIn with Valid Credential",
              "timedOut": null,
              "duration": 7199,
              "state": "failed",
              "speed": null,
              "pass": false,
              "fail": true,
              "pending": false,
              "context": null,
              "code": "cy.login(this.user.username, this.user.password);\ncy.intercept({\n  method: 'GET',\n  url: '/credit/client_data'\n}, {\n  status: 200\n}).as('total');\ncy.wait('@total');\nvar signinElements = new _SigninElements[\"default\"]();\nfunction uploadinvoice() {\n  signinElements.customerPage.getcardcotent().then(function ($element) {\n    signinElements.customerPage.getupoadinvoice().attachFile('example.json', {\n      subjectType: 'drag-n-drop'\n    }); //validate error message\n    cy.get('.message').then(function ($m) {\n      expect($m).to.have[\"class\"]('ui icon message error');\n      expect($m).to.have.text('There was an error uploading the file. Please ensure the file is a .pdf, .jpg, .png, or other image file and try again.');\n      expect($m).to.have.css('background-color', 'rgb(255, 232, 230)');\n    }).then(function ($element) {\n      cy.get('button.ui.primary.button.upload.circular').attachFile('testPicture.png', {\n        subjectType: 'drag-n-drop'\n      }); //file has been added\n      cy.contains('testPicture.png'); //this need to be fix\n      signinElements.customerPage.getsuccessmessage();\n    }).then(function ($element) {\n      signinElements.entercustomern('customer1');\n      signinElements.customerPage.clickdropdown(); //input invoice number\n      signinElements.customerPage.getinvoicenumber().type('m1');\n      signinElements.getdatetoinvoicepage();\n      signinElements.netDaysCount(); //input invoice amount\n      signinElements.enterrandomnumber();\n    }).then(function () {\n      signinElements.customerPage.getbuttonuploadinvoice().click({\n        force: true\n      });\n      cy.wait(2000);\n    });\n  });\n  signinElements.customerPage.getinvoicecreated(); //cy.wait('@addinvoice')\n  //signout\n  signinElements.velocitydashboard.getnavbar().click();\n  signinElements.velocitydashboard.gettitle().then(function ($angle) {\n    var ls = $angle.attr('class');\n    cy.wrap($angle).click().should('have.class', 'active');\n    signinElements.velocitydashboard.contentbutton().click();\n  });\n}\nsigninElements.velocitydashboard.getallctioncard().then(function (body) {\n  if (body.find('.ft-action-card-strip').length > 3) {\n    cy.get('.slick-current > :nth-child(1)').click();\n    uploadinvoice();\n  } else {\n    cy.get('.AddInvoiceButton_uploadButton__2Wner').should('be.visible').click();\n    uploadinvoice();\n  }\n});",
              "err": {
                "message": "AssertionError: Timed out retrying after 4000ms: Expected to find element: `.action-card-carousel-spacing`, but never found it.",
                "estack": "AssertionError: Timed out retrying after 4000ms: Expected to find element: `.action-card-carousel-spacing`, but never found it.\n    at Object.getallctioncard (https://nebula-client.fundthrough.com/__cypress/tests?p=cypress/integration/nebula/TC03_Upload.invoice.js:426:19)\n    at Context.test (https://nebula-client.fundthrough.com/__cypress/tests?p=cypress/integration/nebula/TC03_Upload.invoice.js:260:38)",
                "diff": null
              },
              "uuid": "cfd9b155-bd0a-43c0-a872-863eb29a1a2e",
              "parentUUID": "29a1decf-ef52-487b-b041-f485f9342fa6",
              "isHook": false,
              "skipped": false
            }
          ],
          "suites": [],
          "passes": [],
          "failures": [
            "cfd9b155-bd0a-43c0-a872-863eb29a1a2e"
          ],
          "pending": [],
          "skipped": [],
          "duration": 7199,
          "root": false,
          "rootEmpty": false,
          "_timeout": 2000
        }
      ],
      "passes": [],
      "failures": [],
      "pending": [],
      "skipped": [],
      "duration": 0,
      "root": true,
      "rootEmpty": true,
      "_timeout": 2000
    }
  ],
  "meta": {
    "mocha": {
      "version": "7.0.1"
    },
    "mochawesome": {
      "options": {
        "quiet": false,
        "reportFilename": "mochawesome",
        "saveHtml": true,
        "saveJson": true,
        "consoleReporter": "spec",
        "useInlineDiffs": false,
        "code": true
      },
      "version": "7.1.3"
    },
    "marge": {
      "options": {
        "id": "default",
        "reportDir": "cypress/reports/mocha",
        "quite": true,
        "overwrite": false,
        "html": true,
        "json": true
      },
      "version": "6.2.0"
    }
  }
}