{
  "stats": {
    "suites": 1,
    "tests": 1,
    "passes": 1,
    "pending": 0,
    "failures": 0,
    "start": "2022-04-04T18:24:23.165Z",
    "end": "2022-04-04T18:24:29.893Z",
    "duration": 6728,
    "testsRegistered": 1,
    "passPercent": 100,
    "pendingPercent": 0,
    "other": 0,
    "hasOther": false,
    "skipped": 0,
    "hasSkipped": false
  },
  "results": [
    {
      "uuid": "80d7dfe6-62c7-4ef5-b1b5-6f2222bb0f69",
      "title": "",
      "fullFile": "cypress/integration/nebula/TC07_linking.to.bank.js",
      "file": "cypress/integration/nebula/TC07_linking.to.bank.js",
      "beforeHooks": [],
      "afterHooks": [],
      "tests": [],
      "suites": [
        {
          "uuid": "0473617c-0e42-4434-a2b2-aeb34cbf3e1e",
          "title": "Review the funding agreement",
          "fullFile": "",
          "file": "",
          "beforeHooks": [],
          "afterHooks": [],
          "tests": [
            {
              "title": "Validate the funding agreement review process",
              "fullTitle": "Review the funding agreement Validate the funding agreement review process",
              "timedOut": null,
              "duration": 6577,
              "state": "passed",
              "speed": "slow",
              "pass": true,
              "fail": false,
              "pending": false,
              "context": null,
              "code": "//cy.login(this.user.username, this.user.password)\nvar signinElements = new _SigninElements[\"default\"]();\nfunction linktobank() {\n  signinElements.customerPage.getforwardbutton().click({\n    force: true\n  }); // signinElements.customerPage.getIframe().then($el => {\n  //     cy.wrap($el.find('button.Button-module_text__38wV0')).click()\n  // })\n  var getIframe = function getIframe() {\n    return cy.get('#plaid-link-iframe-1').its('0.contentDocument').should('exist');\n  };\n  var getIframeBody = function getIframeBody() {\n    return getIframe().its('body').should('not.be.undefined').then(cy.wrap);\n  };\n  getIframeBody().find('.Button-module_flex__2To5J').should('have.text', 'Continue').click(); // .then($el => {\n  //     $el.find('.App__content').then($btn => {\n  //         cy.wrap($btn.find('button.Button-module_text__38wV0')).click()\n  //         signinElements.customerPage.selectbank().click()\n  //         signinElements.customerPage.getusername().type('user_good')\n  //         signinElements.customerPage.getpassword().type('pass_good')\n  //         cy.on('window:confirm', () => false)\n  //     })\n  // })\n  // signinElements.customerPage.getforwardbutton().eq(0).click()\n  // signinElements.customerPage.getcheckbox().check()\n  // signinElements.customerPage.getforwardbutton().click()\n  // cy.url().should('include', '/invoices')\n}\nsigninElements.velocitydashboard.getallctioncard().then(function (body) {\n  if (body.find('.ft-action-card-strip').length > 3) {\n    cy.get('.slick-slide').eq(3).click();\n    linktobank();\n  } else {\n    cy.log('The Funding Agreement Review step is completed');\n  }\n});",
              "err": {},
              "uuid": "a383fc06-05d6-4f06-b302-b4edfc90505e",
              "parentUUID": "0473617c-0e42-4434-a2b2-aeb34cbf3e1e",
              "isHook": false,
              "skipped": false
            }
          ],
          "suites": [],
          "passes": [
            "a383fc06-05d6-4f06-b302-b4edfc90505e"
          ],
          "failures": [],
          "pending": [],
          "skipped": [],
          "duration": 6577,
          "root": false,
          "rootEmpty": false,
          "_timeout": 2000
        }
      ],
      "passes": [],
      "failures": [],
      "pending": [],
      "skipped": [],
      "duration": 0,
      "root": true,
      "rootEmpty": true,
      "_timeout": 2000
    }
  ],
  "meta": {
    "mocha": {
      "version": "7.0.1"
    },
    "mochawesome": {
      "options": {
        "quiet": false,
        "reportFilename": "mochawesome",
        "saveHtml": true,
        "saveJson": true,
        "consoleReporter": "spec",
        "useInlineDiffs": false,
        "code": true
      },
      "version": "7.1.3"
    },
    "marge": {
      "options": {
        "id": "default",
        "reportDir": "cypress/reports/mocha",
        "quite": true,
        "overwrite": false,
        "html": true,
        "json": true
      },
      "version": "6.2.0"
    }
  }
}