{
  "stats": {
    "suites": 1,
    "tests": 1,
    "passes": 0,
    "pending": 0,
    "failures": 1,
    "start": "2022-05-05T13:34:07.730Z",
    "end": "2022-05-05T13:34:32.375Z",
    "duration": 24645,
    "testsRegistered": 1,
    "passPercent": 0,
    "pendingPercent": 0,
    "other": 0,
    "hasOther": false,
    "skipped": 0,
    "hasSkipped": false
  },
  "results": [
    {
      "uuid": "140d9ef4-f6fe-4242-abdc-7a0466983b61",
      "title": "",
      "fullFile": "cypress/integration/nebula/TC03_Upload.invoice.js",
      "file": "cypress/integration/nebula/TC03_Upload.invoice.js",
      "beforeHooks": [],
      "afterHooks": [],
      "tests": [],
      "suites": [
        {
          "uuid": "805e2939-7e81-4591-8f18-4f27d747adf2",
          "title": "upload invoice from dashboard",
          "fullFile": "",
          "file": "",
          "beforeHooks": [],
          "afterHooks": [],
          "tests": [
            {
              "title": "SignIn with Valid Credential",
              "fullTitle": "upload invoice from dashboard SignIn with Valid Credential",
              "timedOut": null,
              "duration": 7210,
              "state": "failed",
              "speed": null,
              "pass": false,
              "fail": true,
              "pending": false,
              "context": null,
              "code": "cy.login(this.user.username, this.user.password);\ncy.intercept({\n  method: 'GET',\n  url: '/credit/client_data'\n}, {\n  status: 200\n}).as('total');\ncy.wait('@total');\nvar signinElements = new _SigninElements[\"default\"]();\nfunction uploadinvoice() {\n  signinElements.customerPage.getcardcotent().then(function ($element) {\n    signinElements.customerPage.getupoadinvoice().attachFile('example.json', {\n      subjectType: 'drag-n-drop'\n    }); //validate error message\n    cy.get('.message').then(function ($m) {\n      expect($m).to.have[\"class\"]('ui icon message error');\n      expect($m).to.have.text('There was an error uploading the file. Please ensure the file is a .pdf, .jpg, .png, or other image file and try again.');\n      expect($m).to.have.css('background-color', 'rgb(255, 232, 230)');\n    }).then(function ($element) {\n      cy.get('button.ui.primary.button.upload.circular').attachFile('testPicture.png', {\n        subjectType: 'drag-n-drop'\n      }); //file has been added\n      cy.contains('testPicture.png'); //this need to be fix\n      signinElements.customerPage.getsuccessmessage();\n    }).then(function ($element) {\n      signinElements.entercustomern('customer1');\n      signinElements.customerPage.clickdropdown(); //input invoice number\n      signinElements.customerPage.getinvoicenumber().type('m1');\n      signinElements.getdatetoinvoicepage();\n      signinElements.netDaysCount(); //input invoice amount\n      signinElements.enterrandomnumber();\n    }).then(function () {\n      signinElements.customerPage.getbuttonuploadinvoice().click({\n        force: true\n      });\n      cy.wait(2000);\n    });\n  });\n  signinElements.customerPage.getinvoicecreated(); //cy.wait('@addinvoice')\n  //signout\n  signinElements.velocitydashboard.getnavbar().click();\n  signinElements.velocitydashboard.gettitle().then(function ($angle) {\n    var ls = $angle.attr('class');\n    cy.wrap($angle).click().should('have.class', 'active');\n    signinElements.velocitydashboard.contentbutton().click();\n  });\n}\nsigninElements.velocitydashboard.getallctioncard().then(function (body) {\n  if (body.find('.ft-action-card-strip').length > 3) {\n    cy.get('.slick-current > :nth-child(1)').click();\n    uploadinvoice();\n  } else {\n    cy.get('.AddInvoiceButton_uploadButton__2Wner').should('be.visible').click();\n    uploadinvoice();\n  }\n});",
              "err": {
                "message": "CypressError: Timed out retrying after 5000ms: `cy.wait()` timed out waiting `5000ms` for the 1st request to the route: `total`. No request ever occurred.\n\nhttps://on.cypress.io/wait",
                "estack": "CypressError: Timed out retrying after 5000ms: `cy.wait()` timed out waiting `5000ms` for the 1st request to the route: `total`. No request ever occurred.\n\nhttps://on.cypress.io/wait\n    at cypressErr (https://nebula-qa1.fundthrough.com/__cypress/runner/cypress_runner.js:174213:18)\n    at Object.errByPath (https://nebula-qa1.fundthrough.com/__cypress/runner/cypress_runner.js:174264:10)\n    at checkForXhr (https://nebula-qa1.fundthrough.com/__cypress/runner/cypress_runner.js:161288:33)\n    at https://nebula-qa1.fundthrough.com/__cypress/runner/cypress_runner.js:161311:28\n    at tryCatcher (https://nebula-qa1.fundthrough.com/__cypress/runner/cypress_runner.js:10765:23)\n    at Function.Promise.attempt.Promise.try (https://nebula-qa1.fundthrough.com/__cypress/runner/cypress_runner.js:8039:29)\n    at tryFn (https://nebula-qa1.fundthrough.com/__cypress/runner/cypress_runner.js:167065:21)\n    at whenStable (https://nebula-qa1.fundthrough.com/__cypress/runner/cypress_runner.js:167103:12)\n    at https://nebula-qa1.fundthrough.com/__cypress/runner/cypress_runner.js:166598:16\n    at tryCatcher (https://nebula-qa1.fundthrough.com/__cypress/runner/cypress_runner.js:10765:23)\n    at Promise._settlePromiseFromHandler (https://nebula-qa1.fundthrough.com/__cypress/runner/cypress_runner.js:8700:31)\n    at Promise._settlePromise (https://nebula-qa1.fundthrough.com/__cypress/runner/cypress_runner.js:8757:18)\n    at Promise._settlePromise0 (https://nebula-qa1.fundthrough.com/__cypress/runner/cypress_runner.js:8802:10)\n    at Promise._settlePromises (https://nebula-qa1.fundthrough.com/__cypress/runner/cypress_runner.js:8882:18)\n    at Promise._fulfill (https://nebula-qa1.fundthrough.com/__cypress/runner/cypress_runner.js:8826:18)\n    at https://nebula-qa1.fundthrough.com/__cypress/runner/cypress_runner.js:10440:46\nFrom Your Spec Code:\n    at Context.test (https://nebula-qa1.fundthrough.com/__cypress/tests?p=cypress/integration/nebula/TC03_Upload.invoice.js:212:8)",
                "diff": null
              },
              "uuid": "2a65d5a9-2f3a-45ac-8891-9c5559174ec1",
              "parentUUID": "805e2939-7e81-4591-8f18-4f27d747adf2",
              "isHook": false,
              "skipped": false
            }
          ],
          "suites": [],
          "passes": [],
          "failures": [
            "2a65d5a9-2f3a-45ac-8891-9c5559174ec1"
          ],
          "pending": [],
          "skipped": [],
          "duration": 7210,
          "root": false,
          "rootEmpty": false,
          "_timeout": 2000
        }
      ],
      "passes": [],
      "failures": [],
      "pending": [],
      "skipped": [],
      "duration": 0,
      "root": true,
      "rootEmpty": true,
      "_timeout": 2000
    }
  ],
  "meta": {
    "mocha": {
      "version": "7.0.1"
    },
    "mochawesome": {
      "options": {
        "quiet": false,
        "reportFilename": "mochawesome",
        "saveHtml": true,
        "saveJson": true,
        "consoleReporter": "spec",
        "useInlineDiffs": false,
        "code": true
      },
      "version": "7.1.3"
    },
    "marge": {
      "options": {
        "id": "default",
        "reportDir": "cypress/reports/mocha",
        "quite": true,
        "overwrite": false,
        "html": true,
        "json": true
      },
      "version": "6.2.0"
    }
  }
}