{
  "stats": {
    "suites": 1,
    "tests": 3,
    "passes": 2,
    "pending": 0,
    "failures": 1,
    "start": "2022-04-04T18:22:39.910Z",
    "end": "2022-04-04T18:23:11.893Z",
    "duration": 31983,
    "testsRegistered": 3,
    "passPercent": 66.66666666666666,
    "pendingPercent": 0,
    "other": 0,
    "hasOther": false,
    "skipped": 0,
    "hasSkipped": false
  },
  "results": [
    {
      "uuid": "cfd42a75-b912-4737-b807-22e5cbe3651f",
      "title": "",
      "fullFile": "cypress/integration/nebula/TC02_SignIn.validation.js",
      "file": "cypress/integration/nebula/TC02_SignIn.validation.js",
      "beforeHooks": [],
      "afterHooks": [],
      "tests": [],
      "suites": [
        {
          "uuid": "8c377ed1-bf4c-46c2-837b-2aeadb962e65",
          "title": "Signin Validation",
          "fullFile": "",
          "file": "",
          "beforeHooks": [],
          "afterHooks": [],
          "tests": [
            {
              "title": "SignIn with Valid Credential",
              "fullTitle": "Signin Validation SignIn with Valid Credential",
              "timedOut": null,
              "duration": 9111,
              "state": "failed",
              "speed": null,
              "pass": false,
              "fail": true,
              "pending": false,
              "context": null,
              "code": "cy.login(this.user.username, this.user.password);\nsigninElements.usercredential.getskipcontainer().click({\n  force: true\n});\ncy.intercept('POST', '/v1/t', {}).as('userSignin'); //cy.intercept('POST', '/v1/p', {}).as('addinvoice')\ncy.wait('@userSignin', {\n  timeout: 20000\n}).then(function ($div) {\n  signinElements.velocitydashboard.getyellowactioncard();\n  signinElements.velocitydashboard.getallctioncard().should(function ($i) {\n    //expect($i).to.have.length(4)\n    //expect($i).to.contain('Add your first invoice')\n    expect($i).to.contain('Tell us about your business');\n    expect($i).to.contain('Review the funding agreement');\n    expect($i).to.contain('Add your bank');\n  });\n});",
              "err": {
                "message": "AssertionError: Timed out retrying after 4000ms: Expected to find element: `.ExpressAndVelocity_wrapper__JTgiJ`, but never found it.",
                "estack": "AssertionError: Timed out retrying after 4000ms: Expected to find element: `.ExpressAndVelocity_wrapper__JTgiJ`, but never found it.\n    at Object.getyellowactioncard (https://nebula-client.fundthrough.com/__cypress/tests?p=cypress/integration/nebula/TC02_SignIn.validation.js:427:19)\n    at Context.eval (https://nebula-client.fundthrough.com/__cypress/tests?p=cypress/integration/nebula/TC02_SignIn.validation.js:231:40)",
                "diff": null
              },
              "uuid": "17f60b45-48d9-44e1-9782-11519518a3c6",
              "parentUUID": "8c377ed1-bf4c-46c2-837b-2aeadb962e65",
              "isHook": false,
              "skipped": false
            },
            {
              "title": "Sign In with invalid Credentials",
              "fullTitle": "Signin Validation Sign In with invalid Credentials",
              "timedOut": null,
              "duration": 1611,
              "state": "passed",
              "speed": "slow",
              "pass": true,
              "fail": false,
              "pending": false,
              "context": null,
              "code": "signinElements.usercredential.getusername().type(this.user.username);\nsigninElements.usercredential.getpassword().type(PasswordInvalid);\nsigninElements.usercredential.getskipcontainer().click({\n  force: true\n}); //give element 10 seconds to appear\ncy.get('[data-test=authenticator-error] > span', {\n  timeout: 10000\n}).should('be.visible'); //signin with invalid data\ncy.request({\n  url: 'https://cognito-idp.us-east-1.amazonaws.com/',\n  failOnStatusCode: false,\n  method: 'POST'\n}).then(function (resp) {\n  expect(resp.status).to.eq(400);\n});",
              "err": {},
              "uuid": "7338b929-fb2c-42a6-8691-eafd0df38001",
              "parentUUID": "8c377ed1-bf4c-46c2-837b-2aeadb962e65",
              "isHook": false,
              "skipped": false
            },
            {
              "title": "Input invalid Data on username and password",
              "fullTitle": "Signin Validation Input invalid Data on username and password",
              "timedOut": null,
              "duration": 901,
              "state": "passed",
              "speed": "slow",
              "pass": true,
              "fail": false,
              "pending": false,
              "context": null,
              "code": "signinElements.usercredential.getusername().type(TestEmail);\nsigninElements.usercredential.getpassword().type(InvalidTextPassword);\nsigninElements.usercredential.getskipcontainer().click({\n  force: true\n});\ncy.get('input').then(function ($input) {\n  if ($input.hasClass('bordered__error')) {\n    signinElements.usercredential.fieldlevelerror().should('be.visible');\n  } else {\n    signinElements.usercredential.fieldlevelerror().should('not.be.visible');\n  }\n});",
              "err": {},
              "uuid": "431c1601-4bcd-4174-af7e-ac52a3250b8f",
              "parentUUID": "8c377ed1-bf4c-46c2-837b-2aeadb962e65",
              "isHook": false,
              "skipped": false
            }
          ],
          "suites": [],
          "passes": [
            "7338b929-fb2c-42a6-8691-eafd0df38001",
            "431c1601-4bcd-4174-af7e-ac52a3250b8f"
          ],
          "failures": [
            "17f60b45-48d9-44e1-9782-11519518a3c6"
          ],
          "pending": [],
          "skipped": [],
          "duration": 11623,
          "root": false,
          "rootEmpty": false,
          "_timeout": 2000
        }
      ],
      "passes": [],
      "failures": [],
      "pending": [],
      "skipped": [],
      "duration": 0,
      "root": true,
      "rootEmpty": true,
      "_timeout": 2000
    }
  ],
  "meta": {
    "mocha": {
      "version": "7.0.1"
    },
    "mochawesome": {
      "options": {
        "quiet": false,
        "reportFilename": "mochawesome",
        "saveHtml": true,
        "saveJson": true,
        "consoleReporter": "spec",
        "useInlineDiffs": false,
        "code": true
      },
      "version": "7.1.3"
    },
    "marge": {
      "options": {
        "id": "default",
        "reportDir": "cypress/reports/mocha",
        "quite": true,
        "overwrite": false,
        "html": true,
        "json": true
      },
      "version": "6.2.0"
    }
  }
}