{
  "stats": {
    "suites": 1,
    "tests": 3,
    "passes": 2,
    "pending": 0,
    "failures": 1,
    "start": "2022-05-05T13:32:44.580Z",
    "end": "2022-05-05T13:33:58.773Z",
    "duration": 74193,
    "testsRegistered": 3,
    "passPercent": 66.66666666666666,
    "pendingPercent": 0,
    "other": 0,
    "hasOther": false,
    "skipped": 0,
    "hasSkipped": false
  },
  "results": [
    {
      "uuid": "1026097d-d29d-4a49-b46a-738b4addc32b",
      "title": "",
      "fullFile": "cypress/integration/nebula/TC02_SignIn.validation.js",
      "file": "cypress/integration/nebula/TC02_SignIn.validation.js",
      "beforeHooks": [],
      "afterHooks": [],
      "tests": [],
      "suites": [
        {
          "uuid": "9283b997-1f6c-49c5-8d69-1bcf89f719b3",
          "title": "Signin Validation",
          "fullFile": "",
          "file": "",
          "beforeHooks": [],
          "afterHooks": [],
          "tests": [
            {
              "title": "SignIn with Valid Credential",
              "fullTitle": "Signin Validation SignIn with Valid Credential",
              "timedOut": null,
              "duration": 22424,
              "state": "failed",
              "speed": null,
              "pass": false,
              "fail": true,
              "pending": false,
              "context": null,
              "code": "cy.login(this.user.username, this.user.password);\nsigninElements.usercredential.getskipcontainer().click({\n  force: true\n});\ncy.intercept('POST', '/v1/t', {}).as('userSignin'); //cy.intercept('POST', '/v1/p', {}).as('addinvoice')\ncy.wait('@userSignin', {\n  timeout: 20000\n}).then(function ($div) {\n  signinElements.velocitydashboard.getyellowactioncard();\n  signinElements.velocitydashboard.getallctioncard().should(function ($i) {\n    //expect($i).to.have.length(4)\n    //expect($i).to.contain('Add your first invoice')\n    expect($i).to.contain('Tell us about your business');\n    expect($i).to.contain('Review the funding agreement');\n    expect($i).to.contain('Add your bank');\n  });\n});",
              "err": {
                "message": "CypressError: Timed out retrying after 20000ms: `cy.wait()` timed out waiting `20000ms` for the 1st request to the route: `userSignin`. No request ever occurred.\n\nhttps://on.cypress.io/wait",
                "estack": "CypressError: Timed out retrying after 20000ms: `cy.wait()` timed out waiting `20000ms` for the 1st request to the route: `userSignin`. No request ever occurred.\n\nhttps://on.cypress.io/wait\n    at cypressErr (https://nebula-qa1.fundthrough.com/__cypress/runner/cypress_runner.js:174213:18)\n    at Object.errByPath (https://nebula-qa1.fundthrough.com/__cypress/runner/cypress_runner.js:174264:10)\n    at checkForXhr (https://nebula-qa1.fundthrough.com/__cypress/runner/cypress_runner.js:161288:33)\n    at https://nebula-qa1.fundthrough.com/__cypress/runner/cypress_runner.js:161311:28\n    at tryCatcher (https://nebula-qa1.fundthrough.com/__cypress/runner/cypress_runner.js:10765:23)\n    at Function.Promise.attempt.Promise.try (https://nebula-qa1.fundthrough.com/__cypress/runner/cypress_runner.js:8039:29)\n    at tryFn (https://nebula-qa1.fundthrough.com/__cypress/runner/cypress_runner.js:167065:21)\n    at whenStable (https://nebula-qa1.fundthrough.com/__cypress/runner/cypress_runner.js:167103:12)\n    at https://nebula-qa1.fundthrough.com/__cypress/runner/cypress_runner.js:166598:16\n    at tryCatcher (https://nebula-qa1.fundthrough.com/__cypress/runner/cypress_runner.js:10765:23)\n    at Promise._settlePromiseFromHandler (https://nebula-qa1.fundthrough.com/__cypress/runner/cypress_runner.js:8700:31)\n    at Promise._settlePromise (https://nebula-qa1.fundthrough.com/__cypress/runner/cypress_runner.js:8757:18)\n    at Promise._settlePromise0 (https://nebula-qa1.fundthrough.com/__cypress/runner/cypress_runner.js:8802:10)\n    at Promise._settlePromises (https://nebula-qa1.fundthrough.com/__cypress/runner/cypress_runner.js:8882:18)\n    at Promise._fulfill (https://nebula-qa1.fundthrough.com/__cypress/runner/cypress_runner.js:8826:18)\n    at https://nebula-qa1.fundthrough.com/__cypress/runner/cypress_runner.js:10440:46\nFrom Your Spec Code:\n    at Context.eval (https://nebula-qa1.fundthrough.com/__cypress/tests?p=cypress/integration/nebula/TC02_SignIn.validation.js:228:8)",
                "diff": null
              },
              "uuid": "03a265a2-b2a6-4afd-a11f-1138dd8d2d4e",
              "parentUUID": "9283b997-1f6c-49c5-8d69-1bcf89f719b3",
              "isHook": false,
              "skipped": false
            },
            {
              "title": "Sign In with invalid Credentials",
              "fullTitle": "Signin Validation Sign In with invalid Credentials",
              "timedOut": null,
              "duration": 2101,
              "state": "passed",
              "speed": "slow",
              "pass": true,
              "fail": false,
              "pending": false,
              "context": null,
              "code": "signinElements.usercredential.getusername().type(this.user.username);\nsigninElements.usercredential.getpassword().type(PasswordInvalid);\nsigninElements.usercredential.getskipcontainer().click({\n  force: true\n}); //give element 10 seconds to appear\ncy.get('[data-test=authenticator-error] > span', {\n  timeout: 10000\n}).should('be.visible'); //signin with invalid data\ncy.request({\n  url: 'https://cognito-idp.us-east-1.amazonaws.com/',\n  failOnStatusCode: false,\n  method: 'POST'\n}).then(function (resp) {\n  expect(resp.status).to.eq(400);\n});",
              "err": {},
              "uuid": "1405dd05-a783-4e73-a55f-00405d61a517",
              "parentUUID": "9283b997-1f6c-49c5-8d69-1bcf89f719b3",
              "isHook": false,
              "skipped": false
            },
            {
              "title": "Input invalid Data on username and password",
              "fullTitle": "Signin Validation Input invalid Data on username and password",
              "timedOut": null,
              "duration": 1220,
              "state": "passed",
              "speed": "slow",
              "pass": true,
              "fail": false,
              "pending": false,
              "context": null,
              "code": "signinElements.usercredential.getusername().type(TestEmail);\nsigninElements.usercredential.getpassword().type(InvalidTextPassword);\nsigninElements.usercredential.getskipcontainer().click({\n  force: true\n});\ncy.get('input').then(function ($input) {\n  if ($input.hasClass('bordered__error')) {\n    signinElements.usercredential.fieldlevelerror().should('be.visible');\n  } else {\n    signinElements.usercredential.fieldlevelerror().should('not.be.visible');\n  }\n});",
              "err": {},
              "uuid": "5adda27b-1ab0-40e9-95a8-23fc716f601f",
              "parentUUID": "9283b997-1f6c-49c5-8d69-1bcf89f719b3",
              "isHook": false,
              "skipped": false
            }
          ],
          "suites": [],
          "passes": [
            "1405dd05-a783-4e73-a55f-00405d61a517",
            "5adda27b-1ab0-40e9-95a8-23fc716f601f"
          ],
          "failures": [
            "03a265a2-b2a6-4afd-a11f-1138dd8d2d4e"
          ],
          "pending": [],
          "skipped": [],
          "duration": 25745,
          "root": false,
          "rootEmpty": false,
          "_timeout": 2000
        }
      ],
      "passes": [],
      "failures": [],
      "pending": [],
      "skipped": [],
      "duration": 0,
      "root": true,
      "rootEmpty": true,
      "_timeout": 2000
    }
  ],
  "meta": {
    "mocha": {
      "version": "7.0.1"
    },
    "mochawesome": {
      "options": {
        "quiet": false,
        "reportFilename": "mochawesome",
        "saveHtml": true,
        "saveJson": true,
        "consoleReporter": "spec",
        "useInlineDiffs": false,
        "code": true
      },
      "version": "7.1.3"
    },
    "marge": {
      "options": {
        "id": "default",
        "reportDir": "cypress/reports/mocha",
        "quite": true,
        "overwrite": false,
        "html": true,
        "json": true
      },
      "version": "6.2.0"
    }
  }
}