{
  "stats": {
    "suites": 1,
    "tests": 1,
    "passes": 1,
    "pending": 0,
    "failures": 0,
    "start": "2022-06-24T17:13:52.965Z",
    "end": "2022-06-24T17:16:09.077Z",
    "duration": 136112,
    "testsRegistered": 1,
    "passPercent": 100,
    "pendingPercent": 0,
    "other": 0,
    "hasOther": false,
    "skipped": 0,
    "hasSkipped": false
  },
  "results": [
    {
      "uuid": "bf6b4482-8966-4d6a-b2fb-5ff6e021bc77",
      "title": "",
      "fullFile": "cypress/integration/nebula/yellowCard.spec.js",
      "file": "cypress/integration/nebula/yellowCard.spec.js",
      "beforeHooks": [],
      "afterHooks": [],
      "tests": [],
      "suites": [
        {
          "uuid": "9e80a460-0741-4809-a9d0-3c7d06ff2092",
          "title": "Yellow action card",
          "fullFile": "",
          "file": "",
          "beforeHooks": [],
          "afterHooks": [],
          "tests": [
            {
              "title": "Yellow card content validations",
              "fullTitle": "Yellow action card Yellow card content validations",
              "timedOut": null,
              "duration": 21718,
              "state": "passed",
              "speed": "slow",
              "pass": true,
              "fail": false,
              "pending": false,
              "context": null,
              "code": "var cardcontent = new _yellowCard.cardContent();\n(0, _navigation.visit)('/signin');\ncy.login(this.user.username, this.user.password);\n(0, _navigation.verifyNavigation)('/invoices');\ncardcontent.checkCard().verifyTitle().velocityTitle().expressTitle().verifyDesc(_yellowCard.cardTexts.velocity, _yellowCard.cardTexts.velocityDesc).verifyDesc(_yellowCard.cardTexts.express, _yellowCard.cardTexts.expressDesc).clickOnYellowCard().verifyAmount().verifyType(_yellowCard.cardTexts.velocity, _yellowCard.cardTexts.velocityType).verifyType(_yellowCard.cardTexts.express, _yellowCard.cardTexts.expressType).verifySubTitle(_yellowCard.cardTexts.velocity, _yellowCard.cardTexts.velocitySubTitle).verifySubTitle(_yellowCard.cardTexts.express, _yellowCard.cardTexts.expressSubTitle).verifyIcons().verifyTexts().closeIcon();\n(0, _navigation.verifyNavigation)('/invoices');\ncardcontent.clickOnYellowCard();\n(0, _button.clickButtonByValue)('Close');\n(0, _navigation.verifyNavigation)('/invoices');",
              "err": {},
              "uuid": "8cfd98d2-ce18-450d-95fa-57a92ca8b359",
              "parentUUID": "9e80a460-0741-4809-a9d0-3c7d06ff2092",
              "isHook": false,
              "skipped": false
            }
          ],
          "suites": [],
          "passes": [
            "8cfd98d2-ce18-450d-95fa-57a92ca8b359"
          ],
          "failures": [],
          "pending": [],
          "skipped": [],
          "duration": 21718,
          "root": false,
          "rootEmpty": false,
          "_timeout": 2000
        }
      ],
      "passes": [],
      "failures": [],
      "pending": [],
      "skipped": [],
      "duration": 0,
      "root": true,
      "rootEmpty": true,
      "_timeout": 2000
    }
  ],
  "meta": {
    "mocha": {
      "version": "7.0.1"
    },
    "mochawesome": {
      "options": {
        "quiet": false,
        "reportFilename": "mochawesome",
        "saveHtml": true,
        "saveJson": true,
        "consoleReporter": "spec",
        "useInlineDiffs": false,
        "code": true
      },
      "version": "7.1.3"
    },
    "marge": {
      "options": {
        "id": "default",
        "reportDir": "cypress/reports/mocha",
        "quite": true,
        "overwrite": false,
        "html": true,
        "json": true
      },
      "version": "6.2.0"
    }
  }
}