{
  "stats": {
    "suites": 1,
    "tests": 2,
    "passes": 2,
    "pending": 0,
    "failures": 0,
    "start": "2022-04-04T18:23:47.732Z",
    "end": "2022-04-04T18:23:54.160Z",
    "duration": 6428,
    "testsRegistered": 2,
    "passPercent": 100,
    "pendingPercent": 0,
    "other": 0,
    "hasOther": false,
    "skipped": 0,
    "hasSkipped": false
  },
  "results": [
    {
      "uuid": "fdc03e93-0068-418b-8b2a-95f0baf808d1",
      "title": "",
      "fullFile": "cypress/integration/nebula/TC04_Signin.Page.Elements.js",
      "file": "cypress/integration/nebula/TC04_Signin.Page.Elements.js",
      "beforeHooks": [],
      "afterHooks": [],
      "tests": [],
      "suites": [
        {
          "uuid": "92ed247d-4bbe-45f9-b19c-718e7f4d0762",
          "title": "Velocity Signin Page",
          "fullFile": "",
          "file": "",
          "beforeHooks": [],
          "afterHooks": [],
          "tests": [
            {
              "title": "Visual Test on Sign In Page",
              "fullTitle": "Velocity Signin Page Visual Test on Sign In Page",
              "timedOut": null,
              "duration": 4095,
              "state": "passed",
              "speed": "slow",
              "pass": true,
              "fail": false,
              "pending": false,
              "context": null,
              "code": "//check url\ncy.url().should('include', '/signin'); //check heading\ncy.get('h4').should('contain', 'Sign In'); //check label on sign page\ncy.contains('.input-label', 'Business Email').should('have.css', 'color', 'rgb(17, 75, 95)').and('have.css', 'font-weight', '700');\ncy.contains('.input-label', 'Password').should('have.css', 'color', 'rgb(17, 75, 95)').and('have.css', 'font-weight', '700'); //validate intuit sso image on signin page\ncy.get('button').should(function ($button) {\n  expect($button).to.have.length(1); //validate class\n  var classes = $button.map(function (i, button) {\n    return Cypress.$(button).attr('class');\n  });\n  expect(classes.get()).to.deep.eq(['ui circular button sc-EHOje gaSqon forward']); //validate text \n  var innerText = $button.map(function (i, button) {\n    return Cypress.$(button).text();\n  });\n  expect(innerText.get()).to.deep.eq([\"Sign In\"]);\n}); //validate links on signin page\nsigninElements.elementsui.getsignuphyperlink().children().should('have.attr', 'href');\nsigninElements.elementsui.getsignuphyperlink().should(function ($p) {\n  expect($p).to.have.length(1);\n  expect($p).to.contain(\"Don't have an account?\");\n  expect($p).to.contain('Sign Up');\n}).find('a').then(function ($a) {\n  cy.wrap($a).click({\n    force: true\n  });\n}).then(function () {\n  cy.url().should('include', '/signup');\n});",
              "err": {},
              "uuid": "6a309c64-729c-4f1b-adbe-19bc36b666b3",
              "parentUUID": "92ed247d-4bbe-45f9-b19c-718e7f4d0762",
              "isHook": false,
              "skipped": false
            },
            {
              "title": "validate elements on forgot password page",
              "fullTitle": "Velocity Signin Page validate elements on forgot password page",
              "timedOut": null,
              "duration": 2140,
              "state": "passed",
              "speed": "slow",
              "pass": true,
              "fail": false,
              "pending": false,
              "context": null,
              "code": "cy.visit('https://nebula-client.fundthrough.com/signin');\nsigninElements.elementsui.forgotpasswordlink().click();\ncy.url().should('include', '/forgot-password');\nsigninElements.elementsui.cardcontent().should(function ($div) {\n  expect($div).to.contain(\"Reset your password\");\n  expect($div).to.contain(\"Email\");\n  expect($div).to.contain(\"BACK\");\n}).then(function ($input) {\n  cy.url().should('include', '/forgot-password');\n});\nsigninElements.usercredential.getusername().type('manpreet@fundthrough.com');\ncy.get('button').click();\nsigninElements.elementsui.cardcontent().children().find('h4').should(function ($e1) {\n  expect($e1).contain(\"Enter the verification code we sent to your email address\");\n  expect($e1).to.have.css('color', 'rgb(92, 93, 93)');\n  expect($e1).to.have.css('font-weight', '400');\n});",
              "err": {},
              "uuid": "75b0baf5-027e-4098-9c22-6cd638a12dad",
              "parentUUID": "92ed247d-4bbe-45f9-b19c-718e7f4d0762",
              "isHook": false,
              "skipped": false
            }
          ],
          "suites": [],
          "passes": [
            "6a309c64-729c-4f1b-adbe-19bc36b666b3",
            "75b0baf5-027e-4098-9c22-6cd638a12dad"
          ],
          "failures": [],
          "pending": [],
          "skipped": [],
          "duration": 6235,
          "root": false,
          "rootEmpty": false,
          "_timeout": 2000
        }
      ],
      "passes": [],
      "failures": [],
      "pending": [],
      "skipped": [],
      "duration": 0,
      "root": true,
      "rootEmpty": true,
      "_timeout": 2000
    }
  ],
  "meta": {
    "mocha": {
      "version": "7.0.1"
    },
    "mochawesome": {
      "options": {
        "quiet": false,
        "reportFilename": "mochawesome",
        "saveHtml": true,
        "saveJson": true,
        "consoleReporter": "spec",
        "useInlineDiffs": false,
        "code": true
      },
      "version": "7.1.3"
    },
    "marge": {
      "options": {
        "id": "default",
        "reportDir": "cypress/reports/mocha",
        "quite": true,
        "overwrite": false,
        "html": true,
        "json": true
      },
      "version": "6.2.0"
    }
  }
}