{
  "stats": {
    "suites": 7,
    "tests": 11,
    "passes": 8,
    "pending": 0,
    "failures": 3,
    "start": "2022-04-04T18:21:28.387Z",
    "end": "2022-04-04T18:24:29.893Z",
    "duration": 75209,
    "testsRegistered": 11,
    "passPercent": 72.72727272727273,
    "pendingPercent": 0,
    "other": 0,
    "hasOther": false,
    "skipped": 0,
    "hasSkipped": false
  },
  "results": [
    {
      "uuid": "18d634af-5168-4f87-93ea-ea1c1d14a643",
      "title": "",
      "fullFile": "cypress/integration/nebula/TC01_SignUp.spec.js",
      "file": "cypress/integration/nebula/TC01_SignUp.spec.js",
      "beforeHooks": [],
      "afterHooks": [],
      "tests": [],
      "suites": [
        {
          "uuid": "732209a0-81de-46f0-a0da-80a03fa2edc6",
          "title": "Sign Up page",
          "fullFile": "",
          "file": "",
          "beforeHooks": [],
          "afterHooks": [],
          "tests": [
            {
              "title": "should not create new account",
              "fullTitle": "Sign Up page should not create new account",
              "timedOut": null,
              "duration": 9917,
              "state": "passed",
              "speed": "slow",
              "pass": true,
              "fail": false,
              "pending": false,
              "context": null,
              "code": "cy.clearLocalStorage();\nvar getaccount = new _signUpPage.getAccount(); //navigates to the Sign Up page, verifies it's elements and state before any input\ngetaccount.pageNavigate();\ngetaccount.signupVerify();\ngetaccount.getUserNameEmpty();\ngetaccount.verifyBtnNextDisabled().should('be.disabled'); //input generating functions\nfunction randomChars(length) {\n  var result = '';\n  var characters = 'abcdefghijklmnopqrstuvwxyz0123456789';\n  var charactersLength = characters.length;\n  for (var i = 0; i < length; i++) {\n    result += characters.charAt(Math.floor(Math.random() * charactersLength));\n  }\n  return result;\n}\nfunction randomNum(length) {\n  var result = '';\n  var numbers = '0123456789';\n  var numbersLength = numbers.length;\n  for (var i = 0; i < length; i++) {\n    result += numbers.charAt(Math.floor(Math.random() * numbersLength));\n  }\n  return result;\n}\nfunction randomLetter(length) {\n  var result = '';\n  var letters = 'abcdefghijklmnopqrstuvwxyz';\n  var lettersLength = letters.length;\n  for (var i = 0; i < length; i++) {\n    result += letters.charAt(Math.floor(Math.random() * lettersLength));\n  }\n  return result;\n}\nconsole.log(randomChars(4)); //Negative input on SignUp page\ngetaccount.getUserInput(\"saksham+\" + randomChars(5));\ngetaccount.clickOnPage().click();\ngetaccount.verifyBtnNextDisabled().should('be.disabled');\ngetaccount.getErrorMsgInvalidEmail().should('contain', 'Invalid email format');\ngetaccount.clearUsername().clear();\ngetaccount.getUserInput(\"saksham+\" + randomChars(5) + \"@\");\ngetaccount.clickOnPage().click();\ngetaccount.verifyBtnNextDisabled().should('be.disabled');\ngetaccount.getErrorMsgInvalidEmail().should('contain', 'Invalid email format');\ngetaccount.clearUsername().clear();\ngetaccount.getUserInput(\"saksham+\" + randomChars(5) + \"@fundthrough\");\ngetaccount.clickOnPage().click();\ngetaccount.verifyBtnNextDisabled().should('be.disabled');\ngetaccount.getErrorMsgInvalidEmail().should('contain', 'Invalid email format');\ngetaccount.clearUsername().clear(); // getaccount.getUserInput(\"saksham+\" + randomChars(5)+ \"@fundthrough.co\")\n// cy.get('.u-p').click()\n// getaccount.verifyBtnNextDisabled().should('be.disabled')\n// getaccount.getErrorMsgInvalidEmail().should('contain', 'Invalid email format')\n// getaccount.clearUsername().clear()\n//successful input to go to the next step\ngetaccount.getUserInput(\"saksham+\" + randomChars(5) + \"@fundthrough.com\");\ngetaccount.getFirstNextBtn().should('contain', 'Next').click(); //Make the password field visible\ngetaccount.iconPassword().click().then(function (Password) {\n  cy.wrap(Password).should('be.visible');\n}); //Negative test cases for Password Input\ngetaccount.getPassInput().type(randomNum(8));\ngetaccount.getRadioBtn().then(function (Radiobuttons) {\n  cy.wrap(Radiobuttons).first().should('be.checked');\n  cy.wrap(Radiobuttons).eq(1).should('not.be.checked'); // cy.get('[type=\"checkbox\"]').uncheck()\n  cy.wrap(Radiobuttons).eq(2).should('be.checked');\n});\ngetaccount.passwClear().clear();\ngetaccount.getPassInput().type(randomNum(5));\ngetaccount.getRadioBtn().then(function (Radiobuttons) {\n  cy.wrap(Radiobuttons).first().should('be.checked');\n  cy.wrap(Radiobuttons).eq(1).should('not.be.checked');\n  cy.wrap(Radiobuttons).eq(2).should('not.be.checked');\n});\ngetaccount.passwClear().clear();\ngetaccount.getPassInput().type(randomLetter(8));\ngetaccount.getRadioBtn().then(function (Radiobuttons) {\n  cy.wrap(Radiobuttons).first().should('not.be.checked');\n  cy.wrap(Radiobuttons).eq(1).should('be.checked');\n  cy.wrap(Radiobuttons).eq(2).should('be.checked');\n});\ngetaccount.passwClear().clear();\ngetaccount.getPassInput().type(randomLetter(5));\ngetaccount.getRadioBtn().then(function (Radiobuttons) {\n  cy.wrap(Radiobuttons).first().should('not.be.checked');\n  cy.wrap(Radiobuttons).eq(1).should('be.checked');\n  cy.wrap(Radiobuttons).eq(2).should('not.be.checked');\n});",
              "err": {},
              "uuid": "15349199-4a67-4174-916b-a5825899c420",
              "parentUUID": "732209a0-81de-46f0-a0da-80a03fa2edc6",
              "isHook": false,
              "skipped": false
            },
            {
              "title": "should create new account",
              "fullTitle": "Sign Up page should create new account",
              "timedOut": null,
              "duration": 17337,
              "state": "failed",
              "speed": null,
              "pass": false,
              "fail": true,
              "pending": false,
              "context": null,
              "code": "cy.clearLocalStorage();\nvar getaccount = new _signUpPage.getAccount(); //navigates to the Sign Up page, verifies it's elements and state before any input\ngetaccount.pageNavigate();\ngetaccount.signupVerify();\ngetaccount.getUserNameEmpty();\ngetaccount.verifyBtnNextDisabled().should('be.disabled'); //input generating function\n// function randomChars(length) {\n//     var result = '';\n//     var characters = 'abcdefghijklmnopqrstuvwxyz0123456789';\n//     var charactersLength = characters.length;\n//     for (var i = 0; i < length; i++) {\n//         result += characters.charAt(Math.floor(Math.random() * charactersLength));\n//     }\n//     return result;\n// }\n// console.log(randomChars(4));\n//const email = \"kristina+\" + randomChars(4) + \"@fundthrough.com\"\n//Verification of elements activation and Input on Sign Up page   \ngetaccount.inputuseremail();\ngetaccount.einputuseremail();\ngetaccount.getFirstNextBtn().should('contain', 'Next').click();\ngetaccount.getPassword();\ngetaccount.iconPassword().click().then(function (Password) {\n  cy.wrap(Password).should('be.visible');\n});\ngetaccount.iconPasswordNotVisible().click();\ngetaccount.getRadioBtn().then(function (Radiobuttons) {\n  cy.wrap(Radiobuttons).first().check({\n    force: true\n  }).should('be.checked');\n  cy.wrap(Radiobuttons).eq(1).check({\n    force: true\n  }).should('be.checked');\n  cy.wrap(Radiobuttons).eq(2).check({\n    force: true\n  }).should('be.checked');\n}); //checks and unchecks checkbox and validates error message\ngetaccount.getCheckBox().eq(0).check({\n  force: true\n});\ngetaccount.getCheckBox().click({\n  force: true\n});\ngetaccount.getErrorMsgTermsAndCond().should('contain', 'Please indicate that you have read and agree to the Terms and Conditions and Privacy Policy.');\ngetaccount.getCheckBox().eq(0).check({\n  force: true\n});\ngetaccount.getFollowingNextBtn().should('contain', 'Next').click(); //redirects to /onboarding flow\ncy.intercept('POST', '/v1/t', {}).as('url');\ncy.wait('@url', {\n  timeout: 15000\n}).then(function () {\n  cy.url().should('include', '/onboarding');\n}); //Step 1 page validation\ngetaccount.getStepOneOnboard().contains('Step 1 of 6');\ngetaccount.getTextOnStepOne().should('contain', 'Add your invoices from QuickBooks and start funding them in less than 24 hours.');\ngetaccount.getImageOnStepOne().should('be.visible');\ngetaccount.getLinkOnStepOne().contains(\"SKIP/ I DON'T USE QUICKBOOK\").click();\ncy.intercept({\n  method: 'POST',\n  url: 'https://api.segment.io/v1/p'\n}, {\n  success: true\n}).as('search');\ncy.wait('@search', {\n  timeout: 15000\n}); //Step 2 page validation\ngetaccount.getHeaderOnboard().contains('Step 2 of 6');\ngetaccount.getMouseHover();\ngetaccount.getPopUpDesc().should('be.visible').should('contain', 'To get started, what is the registered name');\ngetaccount.elements.getBusinessName().should('exist');\ngetaccount.inputBusName();\ngetaccount.getBnCheckBox().should('be.checked');\ngetaccount.clickOnNextBtn().should('contain', 'Next').click(); //redirects to Step 3 and fills in Company Address info\ncy.intercept('POST', '/v1/p', {\n  success: true\n}).as('search'); //cy.wait('@search')\ncy.wait('@search', {\n  timeout: 15000\n}); //redirects to Step 3 and fills in Company Address info\n// cy.intercept('POST', '/v1/p', {}).as('search')\n// cy.wait('@search', {timeout: 15000})\ngetaccount.getHeaderOnboard().contains(\"Step 3 of 6\");\ngetaccount.getBnAddress().should('contain', 'Business Address');\ngetaccount.elements.getBusinessAddress().should('be.empty').click();\ngetaccount.inputBusinessAddress('100 test street');\ngetaccount.getEmptyAdrField().should('be.empty');\ngetaccount.getCityName('Cary');\ngetaccount.getCountry().click();\ngetaccount.getDropDownValue().each(function (e1, index, $list) {\n  if (e1.text() == \"USA\") {\n    e1.click();\n  }\n});\ngetaccount.getProvince().click();\ngetaccount.getDropDownValue().each(function (e1, index, $list) {\n  if (e1.text() == \"West Virginia\") {\n    e1.click();\n  }\n});\ngetaccount.getMouseHover();\ngetaccount.getPopUpDesc().should('be.visible').should('contain', 'We use your address to verify your business. If you have multiple locations, enter where your business was registered.');\ngetaccount.elements.getZipField().should('be.empty').click();\ngetaccount.inputPostalCode('12345');\ngetaccount.getNextBtnStepThree().click();\ncy.wait('@search');\ngetaccount.getHeaderOnboard().contains(\"Step 4 of 6\");\ngetaccount.getPhoneNumber('6470001234');\ngetaccount.getMouseHover();\ngetaccount.getPopUpDesc().should('be.visible').should('contain', 'To keep you in the loop on your funding progress, please provide your business’s phone number. If it’s easier, you can provide your direct line.');\ngetaccount.getNextBtnFolStep().should('contain', 'Next').click();\ncy.wait(8000);\ngetaccount.getHeaderOnboard().contains(\"Step 5 of 6\");\ngetaccount.getPrefName();\ngetaccount.getFirstName();\ngetaccount.getLastName();\ngetaccount.getMouseHoveroneOfMany().first().trigger('mouseover');\ngetaccount.getPopUpDesc().should('be.visible').should('contain', 'To verify your identity, we need to know your legal name. This should match your government-issued ID. We’ll use your preferred name to communicate with you.');\ngetaccount.getNextBtnFolStep().should('contain', 'Next').click();\ngetaccount.getHearedAboutUsEmpty().should('be.empty');\ngetaccount.getSkipBtn().contains('button', 'Skip').click();\ncy.wait(3000);\ngetaccount.getNavbar().click();\ngetaccount.getLeftMenu().should('be.visible');\ngetaccount.getLeftHeading().should('contain', 'Account Setup').click();\ngetaccount.getTopHeading().should('contain', 'Account Setup');\ngetaccount.getBodyHeading().should('contain', 'Tell us about your business');\ngetaccount.getNavbar().click();\ngetaccount.getLeftMenuSetting().click();\ngetaccount.getMenuContainer().should('contain', 'Invoicing Software'); //cy.get('.ui > img').expect($el).to.have.text('Connect to QuickBooks')\ngetaccount.getNavbar().click();\ngetaccount.getLeftBottomTitle().click();\ngetaccount.getSignOut().click();",
              "err": {
                "message": "AssertionError: Timed out retrying after 4000ms: Expected to find content: 'Step 3 of 6' within the element: <h4.ui.header.u-pb0.fund-step> but never did.",
                "estack": "AssertionError: Timed out retrying after 4000ms: Expected to find content: 'Step 3 of 6' within the element: <h4.ui.header.u-pb0.fund-step> but never did.\n    at Context.eval (https://nebula-client.fundthrough.com/__cypress/tests?p=cypress/integration/nebula/TC01_SignUp.spec.js:393:35)",
                "diff": null
              },
              "uuid": "2cf90b2d-5aa6-4914-bc25-32d8569e6379",
              "parentUUID": "732209a0-81de-46f0-a0da-80a03fa2edc6",
              "isHook": false,
              "skipped": false
            }
          ],
          "suites": [],
          "passes": [
            "15349199-4a67-4174-916b-a5825899c420"
          ],
          "failures": [
            "2cf90b2d-5aa6-4914-bc25-32d8569e6379"
          ],
          "pending": [],
          "skipped": [],
          "duration": 27254,
          "root": false,
          "rootEmpty": false,
          "_timeout": 2000
        }
      ],
      "passes": [],
      "failures": [],
      "pending": [],
      "skipped": [],
      "duration": 0,
      "root": true,
      "rootEmpty": true,
      "_timeout": 2000
    },
    {
      "uuid": "cfd42a75-b912-4737-b807-22e5cbe3651f",
      "title": "",
      "fullFile": "cypress/integration/nebula/TC02_SignIn.validation.js",
      "file": "cypress/integration/nebula/TC02_SignIn.validation.js",
      "beforeHooks": [],
      "afterHooks": [],
      "tests": [],
      "suites": [
        {
          "uuid": "8c377ed1-bf4c-46c2-837b-2aeadb962e65",
          "title": "Signin Validation",
          "fullFile": "",
          "file": "",
          "beforeHooks": [],
          "afterHooks": [],
          "tests": [
            {
              "title": "SignIn with Valid Credential",
              "fullTitle": "Signin Validation SignIn with Valid Credential",
              "timedOut": null,
              "duration": 9111,
              "state": "failed",
              "speed": null,
              "pass": false,
              "fail": true,
              "pending": false,
              "context": null,
              "code": "cy.login(this.user.username, this.user.password);\nsigninElements.usercredential.getskipcontainer().click({\n  force: true\n});\ncy.intercept('POST', '/v1/t', {}).as('userSignin'); //cy.intercept('POST', '/v1/p', {}).as('addinvoice')\ncy.wait('@userSignin', {\n  timeout: 20000\n}).then(function ($div) {\n  signinElements.velocitydashboard.getyellowactioncard();\n  signinElements.velocitydashboard.getallctioncard().should(function ($i) {\n    //expect($i).to.have.length(4)\n    //expect($i).to.contain('Add your first invoice')\n    expect($i).to.contain('Tell us about your business');\n    expect($i).to.contain('Review the funding agreement');\n    expect($i).to.contain('Add your bank');\n  });\n});",
              "err": {
                "message": "AssertionError: Timed out retrying after 4000ms: Expected to find element: `.ExpressAndVelocity_wrapper__JTgiJ`, but never found it.",
                "estack": "AssertionError: Timed out retrying after 4000ms: Expected to find element: `.ExpressAndVelocity_wrapper__JTgiJ`, but never found it.\n    at Object.getyellowactioncard (https://nebula-client.fundthrough.com/__cypress/tests?p=cypress/integration/nebula/TC02_SignIn.validation.js:427:19)\n    at Context.eval (https://nebula-client.fundthrough.com/__cypress/tests?p=cypress/integration/nebula/TC02_SignIn.validation.js:231:40)",
                "diff": null
              },
              "uuid": "17f60b45-48d9-44e1-9782-11519518a3c6",
              "parentUUID": "8c377ed1-bf4c-46c2-837b-2aeadb962e65",
              "isHook": false,
              "skipped": false
            },
            {
              "title": "Sign In with invalid Credentials",
              "fullTitle": "Signin Validation Sign In with invalid Credentials",
              "timedOut": null,
              "duration": 1611,
              "state": "passed",
              "speed": "slow",
              "pass": true,
              "fail": false,
              "pending": false,
              "context": null,
              "code": "signinElements.usercredential.getusername().type(this.user.username);\nsigninElements.usercredential.getpassword().type(PasswordInvalid);\nsigninElements.usercredential.getskipcontainer().click({\n  force: true\n}); //give element 10 seconds to appear\ncy.get('[data-test=authenticator-error] > span', {\n  timeout: 10000\n}).should('be.visible'); //signin with invalid data\ncy.request({\n  url: 'https://cognito-idp.us-east-1.amazonaws.com/',\n  failOnStatusCode: false,\n  method: 'POST'\n}).then(function (resp) {\n  expect(resp.status).to.eq(400);\n});",
              "err": {},
              "uuid": "7338b929-fb2c-42a6-8691-eafd0df38001",
              "parentUUID": "8c377ed1-bf4c-46c2-837b-2aeadb962e65",
              "isHook": false,
              "skipped": false
            },
            {
              "title": "Input invalid Data on username and password",
              "fullTitle": "Signin Validation Input invalid Data on username and password",
              "timedOut": null,
              "duration": 901,
              "state": "passed",
              "speed": "slow",
              "pass": true,
              "fail": false,
              "pending": false,
              "context": null,
              "code": "signinElements.usercredential.getusername().type(TestEmail);\nsigninElements.usercredential.getpassword().type(InvalidTextPassword);\nsigninElements.usercredential.getskipcontainer().click({\n  force: true\n});\ncy.get('input').then(function ($input) {\n  if ($input.hasClass('bordered__error')) {\n    signinElements.usercredential.fieldlevelerror().should('be.visible');\n  } else {\n    signinElements.usercredential.fieldlevelerror().should('not.be.visible');\n  }\n});",
              "err": {},
              "uuid": "431c1601-4bcd-4174-af7e-ac52a3250b8f",
              "parentUUID": "8c377ed1-bf4c-46c2-837b-2aeadb962e65",
              "isHook": false,
              "skipped": false
            }
          ],
          "suites": [],
          "passes": [
            "7338b929-fb2c-42a6-8691-eafd0df38001",
            "431c1601-4bcd-4174-af7e-ac52a3250b8f"
          ],
          "failures": [
            "17f60b45-48d9-44e1-9782-11519518a3c6"
          ],
          "pending": [],
          "skipped": [],
          "duration": 11623,
          "root": false,
          "rootEmpty": false,
          "_timeout": 2000
        }
      ],
      "passes": [],
      "failures": [],
      "pending": [],
      "skipped": [],
      "duration": 0,
      "root": true,
      "rootEmpty": true,
      "_timeout": 2000
    },
    {
      "uuid": "2c6b731e-6179-4d7d-a41d-73c66062cd34",
      "title": "",
      "fullFile": "cypress/integration/nebula/TC03_Upload.invoice.js",
      "file": "cypress/integration/nebula/TC03_Upload.invoice.js",
      "beforeHooks": [],
      "afterHooks": [],
      "tests": [],
      "suites": [
        {
          "uuid": "29a1decf-ef52-487b-b041-f485f9342fa6",
          "title": "upload invoice from dashboard",
          "fullFile": "",
          "file": "",
          "beforeHooks": [],
          "afterHooks": [],
          "tests": [
            {
              "title": "SignIn with Valid Credential",
              "fullTitle": "upload invoice from dashboard SignIn with Valid Credential",
              "timedOut": null,
              "duration": 7199,
              "state": "failed",
              "speed": null,
              "pass": false,
              "fail": true,
              "pending": false,
              "context": null,
              "code": "cy.login(this.user.username, this.user.password);\ncy.intercept({\n  method: 'GET',\n  url: '/credit/client_data'\n}, {\n  status: 200\n}).as('total');\ncy.wait('@total');\nvar signinElements = new _SigninElements[\"default\"]();\nfunction uploadinvoice() {\n  signinElements.customerPage.getcardcotent().then(function ($element) {\n    signinElements.customerPage.getupoadinvoice().attachFile('example.json', {\n      subjectType: 'drag-n-drop'\n    }); //validate error message\n    cy.get('.message').then(function ($m) {\n      expect($m).to.have[\"class\"]('ui icon message error');\n      expect($m).to.have.text('There was an error uploading the file. Please ensure the file is a .pdf, .jpg, .png, or other image file and try again.');\n      expect($m).to.have.css('background-color', 'rgb(255, 232, 230)');\n    }).then(function ($element) {\n      cy.get('button.ui.primary.button.upload.circular').attachFile('testPicture.png', {\n        subjectType: 'drag-n-drop'\n      }); //file has been added\n      cy.contains('testPicture.png'); //this need to be fix\n      signinElements.customerPage.getsuccessmessage();\n    }).then(function ($element) {\n      signinElements.entercustomern('customer1');\n      signinElements.customerPage.clickdropdown(); //input invoice number\n      signinElements.customerPage.getinvoicenumber().type('m1');\n      signinElements.getdatetoinvoicepage();\n      signinElements.netDaysCount(); //input invoice amount\n      signinElements.enterrandomnumber();\n    }).then(function () {\n      signinElements.customerPage.getbuttonuploadinvoice().click({\n        force: true\n      });\n      cy.wait(2000);\n    });\n  });\n  signinElements.customerPage.getinvoicecreated(); //cy.wait('@addinvoice')\n  //signout\n  signinElements.velocitydashboard.getnavbar().click();\n  signinElements.velocitydashboard.gettitle().then(function ($angle) {\n    var ls = $angle.attr('class');\n    cy.wrap($angle).click().should('have.class', 'active');\n    signinElements.velocitydashboard.contentbutton().click();\n  });\n}\nsigninElements.velocitydashboard.getallctioncard().then(function (body) {\n  if (body.find('.ft-action-card-strip').length > 3) {\n    cy.get('.slick-current > :nth-child(1)').click();\n    uploadinvoice();\n  } else {\n    cy.get('.AddInvoiceButton_uploadButton__2Wner').should('be.visible').click();\n    uploadinvoice();\n  }\n});",
              "err": {
                "message": "AssertionError: Timed out retrying after 4000ms: Expected to find element: `.action-card-carousel-spacing`, but never found it.",
                "estack": "AssertionError: Timed out retrying after 4000ms: Expected to find element: `.action-card-carousel-spacing`, but never found it.\n    at Object.getallctioncard (https://nebula-client.fundthrough.com/__cypress/tests?p=cypress/integration/nebula/TC03_Upload.invoice.js:426:19)\n    at Context.test (https://nebula-client.fundthrough.com/__cypress/tests?p=cypress/integration/nebula/TC03_Upload.invoice.js:260:38)",
                "diff": null
              },
              "uuid": "cfd9b155-bd0a-43c0-a872-863eb29a1a2e",
              "parentUUID": "29a1decf-ef52-487b-b041-f485f9342fa6",
              "isHook": false,
              "skipped": false
            }
          ],
          "suites": [],
          "passes": [],
          "failures": [
            "cfd9b155-bd0a-43c0-a872-863eb29a1a2e"
          ],
          "pending": [],
          "skipped": [],
          "duration": 7199,
          "root": false,
          "rootEmpty": false,
          "_timeout": 2000
        }
      ],
      "passes": [],
      "failures": [],
      "pending": [],
      "skipped": [],
      "duration": 0,
      "root": true,
      "rootEmpty": true,
      "_timeout": 2000
    },
    {
      "uuid": "fdc03e93-0068-418b-8b2a-95f0baf808d1",
      "title": "",
      "fullFile": "cypress/integration/nebula/TC04_Signin.Page.Elements.js",
      "file": "cypress/integration/nebula/TC04_Signin.Page.Elements.js",
      "beforeHooks": [],
      "afterHooks": [],
      "tests": [],
      "suites": [
        {
          "uuid": "92ed247d-4bbe-45f9-b19c-718e7f4d0762",
          "title": "Velocity Signin Page",
          "fullFile": "",
          "file": "",
          "beforeHooks": [],
          "afterHooks": [],
          "tests": [
            {
              "title": "Visual Test on Sign In Page",
              "fullTitle": "Velocity Signin Page Visual Test on Sign In Page",
              "timedOut": null,
              "duration": 4095,
              "state": "passed",
              "speed": "slow",
              "pass": true,
              "fail": false,
              "pending": false,
              "context": null,
              "code": "//check url\ncy.url().should('include', '/signin'); //check heading\ncy.get('h4').should('contain', 'Sign In'); //check label on sign page\ncy.contains('.input-label', 'Business Email').should('have.css', 'color', 'rgb(17, 75, 95)').and('have.css', 'font-weight', '700');\ncy.contains('.input-label', 'Password').should('have.css', 'color', 'rgb(17, 75, 95)').and('have.css', 'font-weight', '700'); //validate intuit sso image on signin page\ncy.get('button').should(function ($button) {\n  expect($button).to.have.length(1); //validate class\n  var classes = $button.map(function (i, button) {\n    return Cypress.$(button).attr('class');\n  });\n  expect(classes.get()).to.deep.eq(['ui circular button sc-EHOje gaSqon forward']); //validate text \n  var innerText = $button.map(function (i, button) {\n    return Cypress.$(button).text();\n  });\n  expect(innerText.get()).to.deep.eq([\"Sign In\"]);\n}); //validate links on signin page\nsigninElements.elementsui.getsignuphyperlink().children().should('have.attr', 'href');\nsigninElements.elementsui.getsignuphyperlink().should(function ($p) {\n  expect($p).to.have.length(1);\n  expect($p).to.contain(\"Don't have an account?\");\n  expect($p).to.contain('Sign Up');\n}).find('a').then(function ($a) {\n  cy.wrap($a).click({\n    force: true\n  });\n}).then(function () {\n  cy.url().should('include', '/signup');\n});",
              "err": {},
              "uuid": "6a309c64-729c-4f1b-adbe-19bc36b666b3",
              "parentUUID": "92ed247d-4bbe-45f9-b19c-718e7f4d0762",
              "isHook": false,
              "skipped": false
            },
            {
              "title": "validate elements on forgot password page",
              "fullTitle": "Velocity Signin Page validate elements on forgot password page",
              "timedOut": null,
              "duration": 2140,
              "state": "passed",
              "speed": "slow",
              "pass": true,
              "fail": false,
              "pending": false,
              "context": null,
              "code": "cy.visit('https://nebula-client.fundthrough.com/signin');\nsigninElements.elementsui.forgotpasswordlink().click();\ncy.url().should('include', '/forgot-password');\nsigninElements.elementsui.cardcontent().should(function ($div) {\n  expect($div).to.contain(\"Reset your password\");\n  expect($div).to.contain(\"Email\");\n  expect($div).to.contain(\"BACK\");\n}).then(function ($input) {\n  cy.url().should('include', '/forgot-password');\n});\nsigninElements.usercredential.getusername().type('manpreet@fundthrough.com');\ncy.get('button').click();\nsigninElements.elementsui.cardcontent().children().find('h4').should(function ($e1) {\n  expect($e1).contain(\"Enter the verification code we sent to your email address\");\n  expect($e1).to.have.css('color', 'rgb(92, 93, 93)');\n  expect($e1).to.have.css('font-weight', '400');\n});",
              "err": {},
              "uuid": "75b0baf5-027e-4098-9c22-6cd638a12dad",
              "parentUUID": "92ed247d-4bbe-45f9-b19c-718e7f4d0762",
              "isHook": false,
              "skipped": false
            }
          ],
          "suites": [],
          "passes": [
            "6a309c64-729c-4f1b-adbe-19bc36b666b3",
            "75b0baf5-027e-4098-9c22-6cd638a12dad"
          ],
          "failures": [],
          "pending": [],
          "skipped": [],
          "duration": 6235,
          "root": false,
          "rootEmpty": false,
          "_timeout": 2000
        }
      ],
      "passes": [],
      "failures": [],
      "pending": [],
      "skipped": [],
      "duration": 0,
      "root": true,
      "rootEmpty": true,
      "_timeout": 2000
    },
    {
      "uuid": "32afc7ad-019c-4d75-bb12-324e10bccc0d",
      "title": "",
      "fullFile": "cypress/integration/nebula/TC05_start.business.js",
      "file": "cypress/integration/nebula/TC05_start.business.js",
      "beforeHooks": [],
      "afterHooks": [],
      "tests": [],
      "suites": [
        {
          "uuid": "84700567-e62a-4951-8629-71c75c3c5c91",
          "title": "Tell us about your business",
          "fullFile": "",
          "file": "",
          "beforeHooks": [],
          "afterHooks": [],
          "tests": [
            {
              "title": "Validate the start business process",
              "fullTitle": "Tell us about your business Validate the start business process",
              "timedOut": null,
              "duration": 6505,
              "state": "passed",
              "speed": "slow",
              "pass": true,
              "fail": false,
              "pending": false,
              "context": null,
              "code": "//cy.login(this.user.username, this.user.password)\nvar signinElements = new _SigninElements[\"default\"]();\nfunction uploadBusinessFiles() {\n  signinElements.customerPage.getforwardbutton().click();\n  signinElements.customerPage.uploadfiles().attachFile('example.json', {\n    subjectType: 'drag-n-drop'\n  }); //Validate Error Message\n  cy.get('.message').then(function ($m) {\n    expect($m).to.have[\"class\"]('ui icon message error');\n    expect($m).to.have.text('There was an error uploading the file. Please ensure the file is a .pdf, .jpg, .png, or other image file and try again.');\n    expect($m).to.have.css('background-color', 'rgb(255, 232, 230)');\n  }).then(function ($el) {\n    signinElements.customerPage.uploadfiles().attachFile('testPicture.png', {\n      subjectType: 'drag-n-drop'\n    }); //Validate Success Message\n    cy.waitUntil(function () {\n      return signinElements.customerPage.getsuccessmessage().invoke('text').then(function (text) {\n        expect(text).to.equals('Got it!');\n      });\n    });\n    signinElements.customerPage.getforwardbutton().click().then(function ($el) {\n      signinElements.customerPage.uploadfiles().attachFile('example.json', {\n        subjectType: 'drag-n-drop'\n      }); //Validate error message\n      cy.get('.message').then(function ($m) {\n        expect($m).to.have[\"class\"]('ui icon message error');\n        expect($m).to.have.text('There was an error uploading the file. Please ensure the file is a .pdf, .jpg, .png, or other image file and try again.');\n        expect($m).to.have.css('background-color', 'rgb(255, 232, 230)');\n      }).then(function ($el) {\n        signinElements.customerPage.uploadfiles().attachFile('testPicture.png', {\n          subjectType: 'drag-n-drop'\n        }); //Validate Success Message\n        signinElements.customerPage.getsuccessmessage().invoke('text').then(function (text) {\n          expect(text).to.equals('Got it!');\n        });\n        signinElements.customerPage.getforwardbutton().click().then(function ($el) {\n          signinElements.customerPage.uploadfiles().attachFile('example.json', {\n            subjectType: 'drag-n-drop'\n          }); //Validate error message\n          cy.get('.message').then(function ($m) {\n            expect($m).to.have[\"class\"]('ui icon message error');\n            expect($m).to.have.text('There was an error uploading the file. Please ensure the file is a .pdf, .jpg, .png, or other image file and try again.');\n            expect($m).to.have.css('background-color', 'rgb(255, 232, 230)');\n          }).then(function ($el) {\n            signinElements.customerPage.uploadfiles().attachFile('testPicture.png', {\n              subjectType: 'drag-n-drop'\n            }); //Validate Success Message\n            signinElements.customerPage.getsuccessmessage().invoke('text').then(function (text) {\n              expect(text).to.equals('Got it!');\n            });\n            signinElements.customerPage.getforwardbutton().click();\n            cy.url().should('include', '/legal');\n          });\n        });\n      });\n    });\n  });\n}\nsigninElements.velocitydashboard.getallctioncard().then(function (body) {\n  if (body.find('.ft-action-card-strip').length > 3) {\n    console.log(cy.get('.slick-list'));\n    cy.get('.slick-slide').eq(1).click();\n    uploadBusinessFiles();\n  } else {\n    cy.log('The `About your Business` step is completed');\n  }\n});",
              "err": {},
              "uuid": "c49e7acf-7b19-4f48-a149-47af32170e68",
              "parentUUID": "84700567-e62a-4951-8629-71c75c3c5c91",
              "isHook": false,
              "skipped": false
            }
          ],
          "suites": [],
          "passes": [
            "c49e7acf-7b19-4f48-a149-47af32170e68"
          ],
          "failures": [],
          "pending": [],
          "skipped": [],
          "duration": 6505,
          "root": false,
          "rootEmpty": false,
          "_timeout": 2000
        }
      ],
      "passes": [],
      "failures": [],
      "pending": [],
      "skipped": [],
      "duration": 0,
      "root": true,
      "rootEmpty": true,
      "_timeout": 2000
    },
    {
      "uuid": "bceef564-7542-414f-9c45-8eb3a80d2368",
      "title": "",
      "fullFile": "cypress/integration/nebula/TC06_funding.agreement.js",
      "file": "cypress/integration/nebula/TC06_funding.agreement.js",
      "beforeHooks": [],
      "afterHooks": [],
      "tests": [],
      "suites": [
        {
          "uuid": "97189e47-21aa-4616-bd78-325973b4571e",
          "title": "Review the funding agreement",
          "fullFile": "",
          "file": "",
          "beforeHooks": [],
          "afterHooks": [],
          "tests": [
            {
              "title": "Validate the funding agreement review process",
              "fullTitle": "Review the funding agreement Validate the funding agreement review process",
              "timedOut": null,
              "duration": 9816,
              "state": "passed",
              "speed": "slow",
              "pass": true,
              "fail": false,
              "pending": false,
              "context": null,
              "code": "//cy.login(this.user.username, this.user.password)\nvar signinElements = new _SigninElements[\"default\"]();\nfunction reviewAgreement() {\n  signinElements.customerPage.getforwardbutton().click(); //Business Name\n  signinElements.customerPage.getinputfield().eq(0).click();\n  signinElements.customerPage.getbusinessname().clear();\n  signinElements.customerPage.anyelement().eq(0).click(); //Validate error message\n  signinElements.customerPage.geterror().invoke('text').then(function (text) {\n    expect(text).to.eql('Invalid business name');\n  }); //Validate successful update\n  signinElements.customerPage.getbusinessname().type('Insurance'); //signinElements.customerPage.updatebutton().click()\n  //Job Title\n  signinElements.customerPage.getinputfield().eq(0).click();\n  signinElements.customerPage.getjobtitle().clear();\n  signinElements.customerPage.anyelement().eq(0).click(); //Validate error message\n  signinElements.customerPage.geterror().invoke('text').then(function (text) {\n    expect(text).to.eql('Invalid job title');\n  }); //Validate successful update\n  signinElements.customerPage.getjobtitle().type('Director'); // signinElements.customerPage.updatebutton().click()\n  //First Business tax year\n  // signinElements.customerPage.gettaxyear().type('{selectall}{backspace}')\n  // signinElements.customerPage.anyelement().eq(0).click()\n  // //Validate error message\n  // signinElements.customerPage.geterror().invoke('text').then(text => {\n  //     expect(text).to.eql('Please enter a year between 1945 and 2022')\n  // })\n  // //Validate successful update\n  // // signinElements.customerPage.gettaxyear().type('2000')\n  // // signinElements.customerPage.updatebutton().click()\n  // //Business Phone Number\n  // signinElements.customerPage.getbusinessnumber().type('{selectall}{backspace}')\n  // signinElements.customerPage.anyelement().eq(0).click()\n  // //Validate error message\n  // signinElements.customerPage.geterror().invoke('text').then(text => {\n  //     expect(text).to.eql('Please enter a valid phone number')\n  // })\n  // //Validate successful update\n  // // signinElements.customerPage.getbusinessnumber().type('649-1234-567')\n  // // signinElements.customerPage.updatebutton().click()\n  //Business Address\n  // signinElements.customerPage.getbusinessaddress().type('{selectall}{backspace}')\n  // signinElements.customerPage.anyelement().eq(0).click()\n  // //Validate error message\n  // signinElements.customerPage.geterror().invoke('text').then(text => {\n  //     expect(text).to.eql('Invalid address')\n  // })\n  // //Validate successful update\n  // signinElements.customerPage.getbusinessname().type('Insurance')\n  // signinElements.customerPage.updatebutton().click()\n  // //Business Number\n  // signinElements.customerPage.getjobtitle().type('{selectall}{backspace}')\n  // signinElements.customerPage.anyelement().eq(0).click()\n  // //Validate error message\n  // signinElements.customerPage.geterror().invoke('text').then(text => {\n  //     expect(text).to.eql('Invalid business name')\n  // })\n  // //Validate successful update\n  // signinElements.customerPage.getbusinessname().type('Insurance')\n  // signinElements.customerPage.updatebutton().click()\n  //Legal Name\n  signinElements.customerPage.getinputfield().eq(1).click();\n  signinElements.customerPage.getfirstname().clear();\n  signinElements.customerPage.anyelement().eq(0).click();\n  signinElements.customerPage.geterror().invoke('text').then(function (text) {\n    expect(text).to.equals('Invalid First Name');\n  });\n  signinElements.customerPage.getlastname().clear();\n  signinElements.customerPage.anyelement().eq(0).click();\n  signinElements.customerPage.geterror().eq(1).invoke('text').then(function (text) {\n    expect(text).to.equals('Invalid Last Name');\n  }); // signinElements.customerPage.anyelement().eq(0).click()\n  //Validate error message\n  // signinElements.customerPage.geterror().invoke('text').each((text,index) => {\n  //     expect(text[index]).to.eql('Invalid First Name')\n  //     expect(text[index]).to.eql('Invalid Last Name')\n  // })\n  // //Validate successful update\n  // signinElements.customerPage.getbusinessname().type('Insurance')\n  // signinElements.customerPage.updatebutton().click()\n  // //Checkbox Business Address\n  // signinElements.customerPage.getjobtitle().type('{selectall}{backspace}')\n  // signinElements.customerPage.anyelement().eq(0).click()\n  // //Validate error message\n  // signinElements.customerPage.geterror().invoke('text').then(text => {\n  //     expect(text).to.eql('Invalid business name')\n  // })\n  // //Validate successful update\n  // signinElements.customerPage.getbusinessname().type('Insurance')\n  // signinElements.customerPage.updatebutton().click()\n}\nsigninElements.velocitydashboard.getallctioncard().then(function (body) {\n  if (body.find('.ft-action-card-strip').length >= 3) {\n    cy.get('.slick-slide').eq(2).click();\n    reviewAgreement();\n  } else {\n    cy.log('The Funding Agreement Review step is completed');\n  }\n});",
              "err": {},
              "uuid": "e91876e3-26fa-4fc4-a549-4efd4b5343bc",
              "parentUUID": "97189e47-21aa-4616-bd78-325973b4571e",
              "isHook": false,
              "skipped": false
            }
          ],
          "suites": [],
          "passes": [
            "e91876e3-26fa-4fc4-a549-4efd4b5343bc"
          ],
          "failures": [],
          "pending": [],
          "skipped": [],
          "duration": 9816,
          "root": false,
          "rootEmpty": false,
          "_timeout": 2000
        }
      ],
      "passes": [],
      "failures": [],
      "pending": [],
      "skipped": [],
      "duration": 0,
      "root": true,
      "rootEmpty": true,
      "_timeout": 2000
    },
    {
      "uuid": "80d7dfe6-62c7-4ef5-b1b5-6f2222bb0f69",
      "title": "",
      "fullFile": "cypress/integration/nebula/TC07_linking.to.bank.js",
      "file": "cypress/integration/nebula/TC07_linking.to.bank.js",
      "beforeHooks": [],
      "afterHooks": [],
      "tests": [],
      "suites": [
        {
          "uuid": "0473617c-0e42-4434-a2b2-aeb34cbf3e1e",
          "title": "Review the funding agreement",
          "fullFile": "",
          "file": "",
          "beforeHooks": [],
          "afterHooks": [],
          "tests": [
            {
              "title": "Validate the funding agreement review process",
              "fullTitle": "Review the funding agreement Validate the funding agreement review process",
              "timedOut": null,
              "duration": 6577,
              "state": "passed",
              "speed": "slow",
              "pass": true,
              "fail": false,
              "pending": false,
              "context": null,
              "code": "//cy.login(this.user.username, this.user.password)\nvar signinElements = new _SigninElements[\"default\"]();\nfunction linktobank() {\n  signinElements.customerPage.getforwardbutton().click({\n    force: true\n  }); // signinElements.customerPage.getIframe().then($el => {\n  //     cy.wrap($el.find('button.Button-module_text__38wV0')).click()\n  // })\n  var getIframe = function getIframe() {\n    return cy.get('#plaid-link-iframe-1').its('0.contentDocument').should('exist');\n  };\n  var getIframeBody = function getIframeBody() {\n    return getIframe().its('body').should('not.be.undefined').then(cy.wrap);\n  };\n  getIframeBody().find('.Button-module_flex__2To5J').should('have.text', 'Continue').click(); // .then($el => {\n  //     $el.find('.App__content').then($btn => {\n  //         cy.wrap($btn.find('button.Button-module_text__38wV0')).click()\n  //         signinElements.customerPage.selectbank().click()\n  //         signinElements.customerPage.getusername().type('user_good')\n  //         signinElements.customerPage.getpassword().type('pass_good')\n  //         cy.on('window:confirm', () => false)\n  //     })\n  // })\n  // signinElements.customerPage.getforwardbutton().eq(0).click()\n  // signinElements.customerPage.getcheckbox().check()\n  // signinElements.customerPage.getforwardbutton().click()\n  // cy.url().should('include', '/invoices')\n}\nsigninElements.velocitydashboard.getallctioncard().then(function (body) {\n  if (body.find('.ft-action-card-strip').length > 3) {\n    cy.get('.slick-slide').eq(3).click();\n    linktobank();\n  } else {\n    cy.log('The Funding Agreement Review step is completed');\n  }\n});",
              "err": {},
              "uuid": "a383fc06-05d6-4f06-b302-b4edfc90505e",
              "parentUUID": "0473617c-0e42-4434-a2b2-aeb34cbf3e1e",
              "isHook": false,
              "skipped": false
            }
          ],
          "suites": [],
          "passes": [
            "a383fc06-05d6-4f06-b302-b4edfc90505e"
          ],
          "failures": [],
          "pending": [],
          "skipped": [],
          "duration": 6577,
          "root": false,
          "rootEmpty": false,
          "_timeout": 2000
        }
      ],
      "passes": [],
      "failures": [],
      "pending": [],
      "skipped": [],
      "duration": 0,
      "root": true,
      "rootEmpty": true,
      "_timeout": 2000
    }
  ],
  "meta": {
    "mocha": {
      "version": "7.0.1"
    },
    "mochawesome": {
      "options": {
        "quiet": false,
        "reportFilename": "mochawesome",
        "saveHtml": true,
        "saveJson": true,
        "consoleReporter": "spec",
        "useInlineDiffs": false,
        "code": true
      },
      "version": "7.1.3"
    },
    "marge": {
      "options": {
        "id": "default",
        "reportDir": "cypress/reports/mocha",
        "quite": true,
        "overwrite": false,
        "html": true,
        "json": true
      },
      "version": "6.2.0"
    }
  }
}